Using pre-set license
Built from '2020.3/staging' branch; Version is '2020.3.0f1 (c7b5465681fb) revision 13088070'; Using compiler version '192528614'; Build Type 'Release'
OS: 'Windows 10 Home; OS build 19041.1052; Version 2004; 64bit' Language: 'en' Physical Memory: 16329 MB
BatchMode: 1, IsHumanControllingUs: 0, StartBugReporterOnCrash: 0, Is64bit: 1, IsPro: 0

 COMMAND LINE ARGUMENTS:
F:\UnityProgram\2020.3.0f1\Editor\Unity.exe
-adb2
-batchMode
-noUpm
-name
AssetImportWorker0
-projectPath
F:/UnityProjects/SpawnTools/SpawnTools
-logFile
Logs/AssetImportWorker0.log
-srvPort
59899
Successfully changed project path to: F:/UnityProjects/SpawnTools/SpawnTools
F:/UnityProjects/SpawnTools/SpawnTools
Using Asset Import Pipeline V2.
Refreshing native plugins compatible for Editor in 40.46 ms, found 0 plugins.
Preloading 0 native plugins for Editor in 0.00 ms.
Initialize engine version: 2020.3.0f1 (c7b5465681fb)
[Subsystems] Discovering subsystems at path F:/UnityProgram/2020.3.0f1/Editor/Data/Resources/UnitySubsystems
[Subsystems] Discovering subsystems at path F:/UnityProjects/SpawnTools/SpawnTools/Assets
GfxDevice: creating device client; threaded=0
Direct3D:
    Version:  Direct3D 11.0 [level 11.1]
    Renderer: NVIDIA GeForce GTX 1060 3GB (ID=0x1c02)
    Vendor:   
    VRAM:     2988 MB
    Driver:   27.21.14.6589
Shader 'Universal Render Pipeline/Particles/Lit': fallback shader 'Universal Render Pipeline/Particles/SimpleLit' not found
Initialize mono
Mono path[0] = 'F:/UnityProgram/2020.3.0f1/Editor/Data/Managed'
Mono path[1] = 'F:/UnityProgram/2020.3.0f1/Editor/Data/MonoBleedingEdge/lib/mono/unityjit'
Mono config path = 'F:/UnityProgram/2020.3.0f1/Editor/Data/MonoBleedingEdge/etc'
Using monoOptions --debugger-agent=transport=dt_socket,embedding=1,server=y,suspend=n,address=127.0.0.1:56640
Begin MonoManager ReloadAssembly
Registering precompiled unity dll's ...
Register platform support module: F:/UnityProgram/2020.3.0f1/Editor/Data/PlaybackEngines/WindowsStandaloneSupport/UnityEditor.WindowsStandalone.Extensions.dll
Registered in 0.000928 seconds.
Native extension for WindowsStandalone target not found
Refreshing native plugins compatible for Editor in 36.17 ms, found 0 plugins.
Preloading 0 native plugins for Editor in 0.00 ms.
Invoked RoslynAnalysisRunner static constructor.
RoslynAnalysisRunner will not be running.
RoslynAnalysisRunner has terminated.
Mono: successfully reloaded assembly
- Completed reload, in  0.767 seconds
Platform modules already initialized, skipping
Registering precompiled user dll's ...
Registered in 0.000952 seconds.
Begin MonoManager ReloadAssembly
Native extension for WindowsStandalone target not found
Refreshing native plugins compatible for Editor in 35.19 ms, found 0 plugins.
Preloading 0 native plugins for Editor in 0.00 ms.
Invoked RoslynAnalysisRunner static constructor.
RoslynAnalysisRunner will not be running.
RoslynAnalysisRunner has terminated.
Mono: successfully reloaded assembly
- Completed reload, in  0.782 seconds
Platform modules already initialized, skipping
========================================================================
Worker process is ready to serve import requests
Shader 'Universal Render Pipeline/Particles/Lit': fallback shader 'Universal Render Pipeline/Particles/SimpleLit' not found
Launched and connected shader compiler UnityShaderCompiler.exe after 0.04 seconds
Refreshing native plugins compatible for Editor in 0.36 ms, found 0 plugins.
Preloading 0 native plugins for Editor in 0.00 ms.
Unloading 2416 Unused Serialized files (Serialized files now loaded: 0)
System memory in use before: 111.4 MB.
System memory in use after: 111.6 MB.

Unloading 10 unused Assets to reduce memory usage. Loaded Objects now: 2857.
Total: 2.438000 ms (FindLiveObjects: 0.286900 ms CreateObjectMapping: 0.276900 ms MarkObjects: 1.780700 ms  DeleteObjects: 0.092400 ms)

========================================================================
Received Import Request.
  path: Assets/SpawnAudio/Scripts/SpawnAudio.cs
  artifactKey: Guid(a542ac14769be7549876cc9abbd0e987) Importer(815301076,1909f56bfc062723c751e8b465ee728b)
Start importing Assets/SpawnAudio/Scripts/SpawnAudio.cs using Guid(a542ac14769be7549876cc9abbd0e987) Importer(815301076,1909f56bfc062723c751e8b465ee728b)  -> (artifact id: '01327ce44b0df4dba953e4c32b65e6c4') in 0.046409 seconds
  Import took 0.049851 seconds .

========================================================================
Received Import Request.
  Time since last request: 1360.141876 seconds.
  path: Assets/Test
  artifactKey: Guid(d3f0229d485076444a2aabc9fca1d4a0) Importer(815301076,1909f56bfc062723c751e8b465ee728b)
Start importing Assets/Test using Guid(d3f0229d485076444a2aabc9fca1d4a0) Importer(815301076,1909f56bfc062723c751e8b465ee728b)  -> (artifact id: '0745efa03598f0cc6c93b71f8cc303f4') in 0.005757 seconds
  Import took 0.009558 seconds .

========================================================================
Received Import Request.
  Time since last request: 11.707142 seconds.
  path: Assets/Test/SpawnAtInterval.cs
  artifactKey: Guid(ebb18d72c0dc0424cb5a329316e9a127) Importer(815301076,1909f56bfc062723c751e8b465ee728b)
Start importing Assets/Test/SpawnAtInterval.cs using Guid(ebb18d72c0dc0424cb5a329316e9a127) Importer(815301076,1909f56bfc062723c751e8b465ee728b)  -> (artifact id: '2eeea47fc5e52931ef20bff3132a3e8e') in 0.006838 seconds
  Import took 0.011787 seconds .

========================================================================
Received Prepare
Registering precompiled user dll's ...
Registered in 0.001061 seconds.
Begin MonoManager ReloadAssembly
Native extension for WindowsStandalone target not found
Refreshing native plugins compatible for Editor in 0.37 ms, found 0 plugins.
Preloading 0 native plugins for Editor in 0.00 ms.
Invoked RoslynAnalysisRunner static constructor.
RoslynAnalysisRunner will not be running.
RoslynAnalysisRunner has terminated.
Mono: successfully reloaded assembly
- Completed reload, in  0.713 seconds
Platform modules already initialized, skipping
Shader 'Universal Render Pipeline/Particles/Lit': fallback shader 'Universal Render Pipeline/Particles/SimpleLit' not found
Refreshing native plugins compatible for Editor in 0.36 ms, found 0 plugins.
Preloading 0 native plugins for Editor in 0.00 ms.
Unloading 2308 Unused Serialized files (Serialized files now loaded: 0)
System memory in use before: 105.6 MB.
System memory in use after: 105.8 MB.

Unloading 5 unused Assets to reduce memory usage. Loaded Objects now: 2861.
Total: 3.077700 ms (FindLiveObjects: 0.271500 ms CreateObjectMapping: 0.129600 ms MarkObjects: 2.650700 ms  DeleteObjects: 0.024600 ms)

========================================================================
Received Import Request.
  Time since last request: 1063.949415 seconds.
  path: Assets/Test/SpawnAtInterval.cs
  artifactKey: Guid(ebb18d72c0dc0424cb5a329316e9a127) Importer(815301076,1909f56bfc062723c751e8b465ee728b)
Start importing Assets/Test/SpawnAtInterval.cs using Guid(ebb18d72c0dc0424cb5a329316e9a127) Importer(815301076,1909f56bfc062723c751e8b465ee728b)  -> (artifact id: '4f4d2b9e509c1803bcd4ed321c021392') in 0.008222 seconds
  Import took 0.013099 seconds .

========================================================================
Received Import Request.
  Time since last request: 0.013531 seconds.
  path: Assets/Test/SpawnAtInterval.cs
  artifactKey: Guid(ebb18d72c0dc0424cb5a329316e9a127) Importer(815301076,1909f56bfc062723c751e8b465ee728b)
Start importing Assets/Test/SpawnAtInterval.cs using Guid(ebb18d72c0dc0424cb5a329316e9a127) Importer(815301076,1909f56bfc062723c751e8b465ee728b)  -> (artifact id: '4f4d2b9e509c1803bcd4ed321c021392') in 0.003674 seconds
  Import took 0.007635 seconds .

========================================================================
Received Prepare
Registering precompiled user dll's ...
Registered in 0.001077 seconds.
Begin MonoManager ReloadAssembly
Native extension for WindowsStandalone target not found
Refreshing native plugins compatible for Editor in 0.36 ms, found 0 plugins.
Preloading 0 native plugins for Editor in 0.00 ms.
Invoked RoslynAnalysisRunner static constructor.
RoslynAnalysisRunner will not be running.
RoslynAnalysisRunner has terminated.
Mono: successfully reloaded assembly
- Completed reload, in  0.859 seconds
Platform modules already initialized, skipping
Shader 'Universal Render Pipeline/Particles/Lit': fallback shader 'Universal Render Pipeline/Particles/SimpleLit' not found
Refreshing native plugins compatible for Editor in 15.75 ms, found 0 plugins.
Preloading 0 native plugins for Editor in 0.00 ms.
Unloading 2308 Unused Serialized files (Serialized files now loaded: 0)
System memory in use before: 105.6 MB.
System memory in use after: 105.8 MB.

Unloading 5 unused Assets to reduce memory usage. Loaded Objects now: 2864.
Total: 1.800200 ms (FindLiveObjects: 0.237600 ms CreateObjectMapping: 0.105100 ms MarkObjects: 1.442000 ms  DeleteObjects: 0.014800 ms)

========================================================================
Received Prepare
Registering precompiled user dll's ...
Registered in 0.000956 seconds.
Begin MonoManager ReloadAssembly
Native extension for WindowsStandalone target not found
Refreshing native plugins compatible for Editor in 0.42 ms, found 0 plugins.
Preloading 0 native plugins for Editor in 0.00 ms.
Invoked RoslynAnalysisRunner static constructor.
RoslynAnalysisRunner will not be running.
RoslynAnalysisRunner has terminated.
Mono: successfully reloaded assembly
- Completed reload, in  0.734 seconds
Platform modules already initialized, skipping
Shader 'Universal Render Pipeline/Particles/Lit': fallback shader 'Universal Render Pipeline/Particles/SimpleLit' not found
Refreshing native plugins compatible for Editor in 0.37 ms, found 0 plugins.
Preloading 0 native plugins for Editor in 0.00 ms.
Unloading 2308 Unused Serialized files (Serialized files now loaded: 0)
System memory in use before: 105.7 MB.
System memory in use after: 105.9 MB.

Unloading 5 unused Assets to reduce memory usage. Loaded Objects now: 2867.
Total: 2.081700 ms (FindLiveObjects: 0.265000 ms CreateObjectMapping: 0.119900 ms MarkObjects: 1.677100 ms  DeleteObjects: 0.018100 ms)

========================================================================
Received Import Request.
  Time since last request: 19046.545224 seconds.
  path: Assets/Test/SpawnAtInterval.cs
  artifactKey: Guid(ebb18d72c0dc0424cb5a329316e9a127) Importer(815301076,1909f56bfc062723c751e8b465ee728b)
Start importing Assets/Test/SpawnAtInterval.cs using Guid(ebb18d72c0dc0424cb5a329316e9a127) Importer(815301076,1909f56bfc062723c751e8b465ee728b)  -> (artifact id: 'e9bb0bc1697f1ba787cd589ebf4f65ed') in 0.004977 seconds
  Import took 0.008866 seconds .

========================================================================
Received Prepare
Registering precompiled user dll's ...
Registered in 0.000899 seconds.
Begin MonoManager ReloadAssembly
Native extension for WindowsStandalone target not found
Refreshing native plugins compatible for Editor in 0.37 ms, found 0 plugins.
Preloading 0 native plugins for Editor in 0.00 ms.
Invoked RoslynAnalysisRunner static constructor.
RoslynAnalysisRunner will not be running.
RoslynAnalysisRunner has terminated.
Mono: successfully reloaded assembly
- Completed reload, in  0.725 seconds
Platform modules already initialized, skipping
Shader 'Universal Render Pipeline/Particles/Lit': fallback shader 'Universal Render Pipeline/Particles/SimpleLit' not found
Refreshing native plugins compatible for Editor in 0.36 ms, found 0 plugins.
Preloading 0 native plugins for Editor in 0.00 ms.
Unloading 2308 Unused Serialized files (Serialized files now loaded: 0)
System memory in use before: 105.7 MB.
System memory in use after: 105.9 MB.

Unloading 5 unused Assets to reduce memory usage. Loaded Objects now: 2870.
Total: 2.388600 ms (FindLiveObjects: 0.251600 ms CreateObjectMapping: 0.106400 ms MarkObjects: 2.013400 ms  DeleteObjects: 0.016100 ms)

